<?xml version="1.0" encoding="UTF-8"?>
<!-- Generated by org.testng.reporters.JUnitReportReporter -->
<testsuite hostname="Nabila-Mubeen-Dell" failures="0" tests="5" name="TestCases.DataDriventesting" time="4.502" errors="0" timestamp="2024-10-04T16:21:16 PKT" skipped="0">
  <testcase classname="TestCases.DataDriventesting" name="DataDrivenTesting" time="0.878"/>
  <testcase classname="TestCases.DataDriventesting" name="DataDrivenTesting" time="2.330"/>
  <testcase classname="TestCases.DataDriventesting" name="DataDrivenTesting" time="0.482"/>
  <testcase classname="TestCases.DataDriventesting" name="DataDrivenTesting" time="0.405"/>
  <testcase classname="TestCases.DataDriventesting" name="DataDrivenTesting" time="0.407"/>
</testsuite> <!-- TestCases.DataDriventesting -->
