<?xml version="1.0" encoding="UTF-8"?>
<!-- Generated by org.testng.reporters.JUnitReportReporter -->
<testsuite hostname="Nabila-Mubeen-Dell" failures="0" tests="1" name="tests.TestsExample" time="3.151" errors="0" timestamp="2024-09-27T16:58:19 PKT" skipped="0">
  <testcase classname="tests.TestsExample" name="test_1" time="3.151"/>
</testsuite> <!-- tests.TestsExample -->
